<?xml version="1.0" encoding="UTF-8"?>
<!-- Generated by org.testng.reporters.JUnitReportReporter -->
<testsuite hostname="Parvs-Laptop" failures="0" tests="3" name="com.crm.test.SearchProductTest" time="24.477" errors="0" timestamp="06 Feb 2022 11:14:20 GMT" skipped="0">
  <testcase classname="com.crm.test.SearchProductTest" name="search" time="6.057"/>
  <testcase classname="com.crm.test.SearchProductTest" name="AddProduct" time="0.617"/>
  <testcase classname="com.crm.test.SearchProductTest" name="addtoCart" time="17.803"/>
</testsuite> <!-- com.crm.test.SearchProductTest -->
