<?xml version="1.0" encoding="UTF-8"?>
<!-- Generated by org.testng.reporters.JUnitReportReporter -->
<testsuite hostname="Parvs-Laptop" failures="0" tests="3" name="com.crm.test.Testamazon" time="6.760" errors="0" timestamp="13 Feb 2022 08:27:45 GMT" skipped="0">
  <testcase classname="com.crm.test.Testamazon" name="test" time="1.760"/>
  <testcase classname="com.crm.test.Testamazon" name="test" time="1.745"/>
  <testcase classname="com.crm.test.Testamazon" name="test" time="3.255"/>
</testsuite> <!-- com.crm.test.Testamazon -->
